<?xml version="1.0" encoding="UTF-8"?>
<testsuite name="com.trackdynamics.entity.TaskTest" tests="1" skipped="0" failures="0" errors="0" timestamp="2022-07-27T18:49:07" hostname="DESKTOP-0VMHHV4" time="0.043">
  <properties/>
  <testcase name="testCreateTask()" classname="com.trackdynamics.entity.TaskTest" time="0.043"/>
  <system-out><![CDATA[Task(id=null, title=Caminhar, description=null, deadline=null, dateCreation=null, user=null, priority=null, overdue=null)
]]></system-out>
  <system-err><![CDATA[]]></system-err>
</testsuite>
